<?xml version="1.0" encoding="UTF-8"?>
<!-- Generated by org.testng.reporters.JUnitReportReporter -->
<testsuite hostname="Ahmad" failures="0" tests="1" name="SeleniumExamplesPkg.Selenium_Concepts_Hardcoded.E_RadioButton" time="25.027" errors="0" timestamp="2024-05-28T23:22:50 EDT" skipped="0">
  <testcase classname="SeleniumExamplesPkg.Selenium_Concepts_Hardcoded.E_RadioButton" name="E_radioButtonException" time="25.027"/>
  <system-out/>
</testsuite> <!-- SeleniumExamplesPkg.Selenium_Concepts_Hardcoded.E_RadioButton -->
