<?xml version="1.0" encoding="UTF-8"?>
<!-- Generated by org.testng.reporters.JUnitReportReporter -->
<testsuite hostname="Ahmad" failures="0" tests="2" name="SeleniumExamplesPkg.Selenium_Concepts_Hardcoded.C_SalesForce" time="7.900" errors="0" timestamp="2024-05-30T00:37:09 EDT" skipped="1">
  <testcase classname="SeleniumExamplesPkg.Selenium_Concepts_Hardcoded.C_SalesForce" name="academyTest" time="7.900"/>
  <system-out/>
  <testcase classname="SeleniumExamplesPkg.Selenium_Concepts_Hardcoded.C_SalesForce" name="C_SalesForceTest">
    <skipped/>
  </testcase> <!-- C_SalesForceTest -->
  <system-out/>
</testsuite> <!-- SeleniumExamplesPkg.Selenium_Concepts_Hardcoded.C_SalesForce -->
