<?xml version="1.0" encoding="UTF-8"?>
<!-- Generated by org.testng.reporters.JUnitReportReporter -->
<testsuite hostname="Ahmad" failures="0" tests="4" name="SeleniumExamplesPkg.Selenium_Concepts_Hardcoded.Added22_FluentWait" time="7.828" errors="0" timestamp="2024-07-22T22:44:00 EDT" skipped="3">
  <testcase classname="SeleniumExamplesPkg.Selenium_Concepts_Hardcoded.Added22_FluentWait" name="explicitWaitTest" time="7.828"/>
  <system-out/>
  <testcase classname="SeleniumExamplesPkg.Selenium_Concepts_Hardcoded.Added22_FluentWait" name="fluentWaitTest1">
    <skipped/>
  </testcase> <!-- fluentWaitTest1 -->
  <system-out/>
  <testcase classname="SeleniumExamplesPkg.Selenium_Concepts_Hardcoded.Added22_FluentWait" name="badExample_fluentWaitTest1">
    <skipped/>
  </testcase> <!-- badExample_fluentWaitTest1 -->
  <system-out/>
  <testcase classname="SeleniumExamplesPkg.Selenium_Concepts_Hardcoded.Added22_FluentWait" name="gettingTextTest_plus_isDisplayed">
    <skipped/>
  </testcase> <!-- gettingTextTest_plus_isDisplayed -->
  <system-out/>
</testsuite> <!-- SeleniumExamplesPkg.Selenium_Concepts_Hardcoded.Added22_FluentWait -->
