<?xml version="1.0" encoding="UTF-8"?>
<!-- Generated by org.testng.reporters.JUnitReportReporter -->
<testsuite hostname="Ahmad" failures="0" tests="2" name="SeleniumExamplesPkg.Selenium_Concepts_Hardcoded.Added11_Calender" time="12.731" errors="0" timestamp="2024-06-20T22:54:02 EDT" skipped="1">
  <testcase classname="SeleniumExamplesPkg.Selenium_Concepts_Hardcoded.Added11_Calender" name="Tc1_handlingCalender" time="12.731"/>
  <system-out/>
  <testcase classname="SeleniumExamplesPkg.Selenium_Concepts_Hardcoded.Added11_Calender" name="Tc2_handlingCalender">
    <skipped/>
  </testcase> <!-- Tc2_handlingCalender -->
  <system-out/>
</testsuite> <!-- SeleniumExamplesPkg.Selenium_Concepts_Hardcoded.Added11_Calender -->
