<?xml version="1.0" encoding="UTF-8"?>
<!-- Generated by org.testng.reporters.JUnitReportReporter -->
<testsuite hostname="Ahmad" failures="0" tests="3" name="SeleniumExamplesPkg.Selenium_Concepts_Hardcoded.Added21_synchroAssig" time="6.548" errors="0" timestamp="2024-07-17T11:46:23 EDT" skipped="2">
  <testcase classname="SeleniumExamplesPkg.Selenium_Concepts_Hardcoded.Added21_synchroAssig" name="titleFetching" time="6.548"/>
  <system-out/>
  <testcase classname="SeleniumExamplesPkg.Selenium_Concepts_Hardcoded.Added21_synchroAssig" name="synchroAssigTest_troubleshoot">
    <skipped/>
  </testcase> <!-- synchroAssigTest_troubleshoot -->
  <system-out/>
  <testcase classname="SeleniumExamplesPkg.Selenium_Concepts_Hardcoded.Added21_synchroAssig" name="synchroAssigTest">
    <skipped/>
  </testcase> <!-- synchroAssigTest -->
  <system-out/>
</testsuite> <!-- SeleniumExamplesPkg.Selenium_Concepts_Hardcoded.Added21_synchroAssig -->
