<?xml version="1.0" encoding="UTF-8"?>
<!-- Generated by org.testng.reporters.JUnitReportReporter -->
<testsuite hostname="Ahmad" failures="0" tests="4" name="SeleniumExamplesPkg.Selenium_Concepts_Hardcoded.Added18_Interview_AddingItemsIntoCart_debugMode" time="14.761" errors="0" timestamp="2024-07-23T21:00:14 EDT" skipped="3">
  <testcase classname="SeleniumExamplesPkg.Selenium_Concepts_Hardcoded.Added18_Interview_AddingItemsIntoCart_debugMode" name="tc3_Interview_AddingItemsIntoCart" time="14.761"/>
  <system-out/>
  <testcase classname="SeleniumExamplesPkg.Selenium_Concepts_Hardcoded.Added18_Interview_AddingItemsIntoCart_debugMode" name="tc1_Interview_AddingItemsIntoCart">
    <skipped/>
  </testcase> <!-- tc1_Interview_AddingItemsIntoCart -->
  <system-out/>
  <testcase classname="SeleniumExamplesPkg.Selenium_Concepts_Hardcoded.Added18_Interview_AddingItemsIntoCart_debugMode" name="added18_TC1_AddingItemsIntoCartTest">
    <skipped/>
  </testcase> <!-- added18_TC1_AddingItemsIntoCartTest -->
  <system-out/>
  <testcase classname="SeleniumExamplesPkg.Selenium_Concepts_Hardcoded.Added18_Interview_AddingItemsIntoCart_debugMode" name="tc2_Interview_AddingItemsIntoCart">
    <skipped/>
  </testcase> <!-- tc2_Interview_AddingItemsIntoCart -->
  <system-out/>
</testsuite> <!-- SeleniumExamplesPkg.Selenium_Concepts_Hardcoded.Added18_Interview_AddingItemsIntoCart_debugMode -->
