<?xml version="1.0" encoding="UTF-8"?>
<!-- Generated by org.testng.reporters.JUnitReportReporter -->
<testsuite hostname="Ahmad" failures="0" tests="4" name="SeleniumExamplesPkg.Selenium_Concepts_Hardcoded.D_Rediff" time="7.689" errors="0" timestamp="2024-06-04T14:42:45 EDT" skipped="3">
  <testcase classname="SeleniumExamplesPkg.Selenium_Concepts_Hardcoded.D_Rediff" name="navigation" time="7.689"/>
  <system-out/>
  <testcase classname="SeleniumExamplesPkg.Selenium_Concepts_Hardcoded.D_Rediff" name="childToParent_xpathTest">
    <skipped/>
  </testcase> <!-- childToParent_xpathTest -->
  <system-out/>
  <testcase classname="SeleniumExamplesPkg.Selenium_Concepts_Hardcoded.D_Rediff" name="rediffTest">
    <skipped/>
  </testcase> <!-- rediffTest -->
  <system-out/>
  <testcase classname="SeleniumExamplesPkg.Selenium_Concepts_Hardcoded.D_Rediff" name="siblingToSibling_xpathTest">
    <skipped/>
  </testcase> <!-- siblingToSibling_xpathTest -->
  <system-out/>
</testsuite> <!-- SeleniumExamplesPkg.Selenium_Concepts_Hardcoded.D_Rediff -->
