<?xml version="1.0" encoding="UTF-8"?>
<!-- Generated by org.testng.reporters.JUnitReportReporter -->
<testsuite hostname="Ahmad" failures="0" tests="3" name="SeleniumExamplesPkg.Selenium_Concepts_Hardcoded.ATest" time="2.291" errors="0" timestamp="2024-05-27T02:45:40 EDT" skipped="2">
  <testcase classname="SeleniumExamplesPkg.Selenium_Concepts_Hardcoded.ATest" name="basics" time="2.291"/>
  <system-out/>
  <testcase classname="SeleniumExamplesPkg.Selenium_Concepts_Hardcoded.ATest" name="A_practical">
    <skipped/>
  </testcase> <!-- A_practical -->
  <system-out/>
  <testcase classname="SeleniumExamplesPkg.Selenium_Concepts_Hardcoded.ATest" name="A_demonstrational">
    <skipped/>
  </testcase> <!-- A_demonstrational -->
  <system-out/>
</testsuite> <!-- SeleniumExamplesPkg.Selenium_Concepts_Hardcoded.ATest -->
