<?xml version="1.0" encoding="UTF-8"?>
<!-- Generated by org.testng.reporters.JUnitReportReporter -->
<testsuite hostname="Ahmad" failures="0" tests="1" name="SeleniumExamplesPkg.Selenium_Concepts_Hardcoded.Added27_ActionDragNdrop" time="2.960" errors="0" timestamp="2024-08-02T23:34:14 EDT" skipped="0">
  <testcase classname="SeleniumExamplesPkg.Selenium_Concepts_Hardcoded.Added27_ActionDragNdrop" name="dragNdropActionTest" time="2.960"/>
  <system-out/>
</testsuite> <!-- SeleniumExamplesPkg.Selenium_Concepts_Hardcoded.Added27_ActionDragNdrop -->
