<?xml version="1.0" encoding="UTF-8"?>
<!-- Generated by org.testng.reporters.JUnitReportReporter -->
<testsuite hostname="Ahmad" failures="0" tests="3" name="SeleniumExamplesPkg.Selenium_Concepts_Hardcoded.C_SalesForce" time="6.483" errors="0" timestamp="2024-06-02T01:54:29 EDT" skipped="2">
  <testcase classname="SeleniumExamplesPkg.Selenium_Concepts_Hardcoded.C_SalesForce" name="getPasswordDynamically" time="6.483"/>
  <system-out/>
  <testcase classname="SeleniumExamplesPkg.Selenium_Concepts_Hardcoded.C_SalesForce" name="academyTest">
    <skipped/>
  </testcase> <!-- academyTest -->
  <system-out/>
  <testcase classname="SeleniumExamplesPkg.Selenium_Concepts_Hardcoded.C_SalesForce" name="C_SalesForceTest">
    <skipped/>
  </testcase> <!-- C_SalesForceTest -->
  <system-out/>
</testsuite> <!-- SeleniumExamplesPkg.Selenium_Concepts_Hardcoded.C_SalesForce -->
