<?xml version="1.0" encoding="UTF-8"?>
<!-- Generated by org.testng.reporters.JUnitReportReporter -->
<testsuite hostname="Ahmad" failures="0" tests="5" name="SeleniumExamplesPkg.Selenium_Concepts_Hardcoded.Added_2_locators" time="9.415" errors="0" timestamp="2024-07-22T21:43:25 EDT" skipped="4">
  <testcase classname="SeleniumExamplesPkg.Selenium_Concepts_Hardcoded.Added_2_locators" name="gettingTextTest" time="9.415"/>
  <system-out/>
  <testcase classname="SeleniumExamplesPkg.Selenium_Concepts_Hardcoded.Added_2_locators" name="childToParent_xpathTest">
    <skipped/>
  </testcase> <!-- childToParent_xpathTest -->
  <system-out/>
  <testcase classname="SeleniumExamplesPkg.Selenium_Concepts_Hardcoded.Added_2_locators" name="siblingToSibling_xpathTest">
    <skipped/>
  </testcase> <!-- siblingToSibling_xpathTest -->
  <system-out/>
  <testcase classname="SeleniumExamplesPkg.Selenium_Concepts_Hardcoded.Added_2_locators" name="navigation">
    <skipped/>
  </testcase> <!-- navigation -->
  <system-out/>
  <testcase classname="SeleniumExamplesPkg.Selenium_Concepts_Hardcoded.Added_2_locators" name="rediffTest">
    <skipped/>
  </testcase> <!-- rediffTest -->
  <system-out/>
</testsuite> <!-- SeleniumExamplesPkg.Selenium_Concepts_Hardcoded.Added_2_locators -->
