<?xml version="1.0" encoding="UTF-8"?>
<!-- Generated by org.testng.reporters.JUnitReportReporter -->
<testsuite hostname="Ahmad" failures="0" tests="1" name="SeleniumExamplesPkg.Selenium_Concepts_Hardcoded.Added18_Interview_AddingItemsIntoCart_debugMode$Added18_TC2_Interview_AddingItemsIntoCart_debugMode" time="9.691" errors="0" timestamp="2024-07-08T22:59:53 EDT" skipped="0">
  <testcase classname="SeleniumExamplesPkg.Selenium_Concepts_Hardcoded.Added18_Interview_AddingItemsIntoCart_debugMode$Added18_TC2_Interview_AddingItemsIntoCart_debugMode" name="added18_AddingItemsIntoCartTest" time="9.691"/>
  <system-out/>
</testsuite> <!-- SeleniumExamplesPkg.Selenium_Concepts_Hardcoded.Added18_Interview_AddingItemsIntoCart_debugMode$Added18_TC2_Interview_AddingItemsIntoCart_debugMode -->
