<?xml version="1.0" encoding="UTF-8"?>
<!-- Generated by org.testng.reporters.JUnitReportReporter -->
<testsuite hostname="Ahmad" failures="0" tests="1" name="SeleniumExamplesPkg.Selenium_Concepts_Hardcoded.Added12_Validate_ui_element_enabled_disabled" time="11.060" errors="0" timestamp="2024-06-18T00:36:07 EDT" skipped="0">
  <testcase classname="SeleniumExamplesPkg.Selenium_Concepts_Hardcoded.Added12_Validate_ui_element_enabled_disabled" name="validate_ui_element_enabled_disabledTest" time="11.060"/>
  <system-out/>
</testsuite> <!-- SeleniumExamplesPkg.Selenium_Concepts_Hardcoded.Added12_Validate_ui_element_enabled_disabled -->
