<?xml version="1.0" encoding="UTF-8"?>
<!-- Generated by org.testng.reporters.JUnitReportReporter -->
<testsuite hostname="Ahmad" failures="0" tests="1" name="SeleniumExamplesPkg.Selenium_Concepts_Hardcoded.Added17FormattingNamingConventionsDebugging" time="0.012" errors="0" timestamp="2024-07-08T20:58:31 EDT" skipped="0">
  <testcase classname="SeleniumExamplesPkg.Selenium_Concepts_Hardcoded.Added17FormattingNamingConventionsDebugging" name="Added17FormattingNamingConventionsDebuggingTest" time="0.012"/>
  <system-out/>
</testsuite> <!-- SeleniumExamplesPkg.Selenium_Concepts_Hardcoded.Added17FormattingNamingConventionsDebugging -->
