<?xml version="1.0" encoding="UTF-8"?>
<!-- Generated by org.testng.reporters.JUnitReportReporter -->
<testsuite hostname="Ahmad" failures="0" tests="1" name="SeleniumExamplesPkg.Selenium_Concepts_Hardcoded.Added_8_AutoSuggestiveDropDown_EnhancedForLoops" time="8.009" errors="0" timestamp="2024-06-15T21:44:34 EDT" skipped="0">
  <testcase classname="SeleniumExamplesPkg.Selenium_Concepts_Hardcoded.Added_8_AutoSuggestiveDropDown_EnhancedForLoops" name="Added_8_AutoSuggestiveDropDown_EnhancedForLoopsTest" time="8.009"/>
  <system-out/>
</testsuite> <!-- SeleniumExamplesPkg.Selenium_Concepts_Hardcoded.Added_8_AutoSuggestiveDropDown_EnhancedForLoops -->
