<?xml version="1.0" encoding="UTF-8"?>
<!-- Generated by org.testng.reporters.JUnitReportReporter -->
<testsuite hostname="Ahmad" failures="0" tests="3" name="SeleniumExamplesPkg.Selenium_Concepts_Hardcoded.D_Rediff" time="8.407" errors="0" timestamp="2024-06-04T00:33:25 EDT" skipped="2">
  <testcase classname="SeleniumExamplesPkg.Selenium_Concepts_Hardcoded.D_Rediff" name="childToParent_xpathTest" time="8.407"/>
  <system-out/>
  <testcase classname="SeleniumExamplesPkg.Selenium_Concepts_Hardcoded.D_Rediff" name="rediffTest">
    <skipped/>
  </testcase> <!-- rediffTest -->
  <system-out/>
  <testcase classname="SeleniumExamplesPkg.Selenium_Concepts_Hardcoded.D_Rediff" name="siblingToSibling_xpathTest">
    <skipped/>
  </testcase> <!-- siblingToSibling_xpathTest -->
  <system-out/>
</testsuite> <!-- SeleniumExamplesPkg.Selenium_Concepts_Hardcoded.D_Rediff -->
