<?xml version="1.0" encoding="UTF-8"?>
<!-- Generated by org.testng.reporters.JUnitReportReporter -->
<testsuite hostname="Ahmad" failures="0" tests="3" name="SeleniumExamplesPkg.Selenium_Concepts_Hardcoded.Added28_childWindows" time="8.021" errors="0" timestamp="2024-07-30T02:18:38 EDT" skipped="2">
  <testcase classname="SeleniumExamplesPkg.Selenium_Concepts_Hardcoded.Added28_childWindows" name="secondChildWindowTest" time="8.021"/>
  <system-out/>
  <testcase classname="SeleniumExamplesPkg.Selenium_Concepts_Hardcoded.Added28_childWindows" name="firstChildWindowTest">
    <skipped/>
  </testcase> <!-- firstChildWindowTest -->
  <system-out/>
  <testcase classname="SeleniumExamplesPkg.Selenium_Concepts_Hardcoded.Added28_childWindows" name="thirdChildWindowTest">
    <skipped/>
  </testcase> <!-- thirdChildWindowTest -->
  <system-out/>
</testsuite> <!-- SeleniumExamplesPkg.Selenium_Concepts_Hardcoded.Added28_childWindows -->
