<?xml version="1.0" encoding="UTF-8"?>
<!-- Generated by org.testng.reporters.JUnitReportReporter -->
<testsuite hostname="Ahmad" failures="0" tests="1" name="SeleniumExamplesPkg.Selenium_Concepts_Hardcoded.Added_6_dynamic_dropdown_2" time="10.189" errors="0" timestamp="2024-06-13T14:09:56 EDT" skipped="0">
  <testcase classname="SeleniumExamplesPkg.Selenium_Concepts_Hardcoded.Added_6_dynamic_dropdown_2" name="Added_6_dynamnic_dropdown_test" time="10.189"/>
  <system-out/>
</testsuite> <!-- SeleniumExamplesPkg.Selenium_Concepts_Hardcoded.Added_6_dynamic_dropdown_2 -->
