<?xml version="1.0" encoding="UTF-8"?>
<!-- Generated by org.testng.reporters.JUnitReportReporter -->
<testsuite hostname="Ahmad" failures="0" tests="1" name="SeleniumExamplesPkg.Selenium_Concepts_Hardcoded.Added_4_dynamic_dropdown" time="9.135" errors="0" timestamp="2024-06-05T22:53:04 EDT" skipped="0">
  <testcase classname="SeleniumExamplesPkg.Selenium_Concepts_Hardcoded.Added_4_dynamic_dropdown" name="Added_4_dynamic_dropdownTest" time="9.135"/>
  <system-out/>
</testsuite> <!-- SeleniumExamplesPkg.Selenium_Concepts_Hardcoded.Added_4_dynamic_dropdown -->
