<?xml version="1.0" encoding="UTF-8"?>
<!-- Generated by org.testng.reporters.JUnitReportReporter -->
<testsuite hostname="Ahmad" failures="0" tests="2" name="SeleniumExamplesPkg.Selenium_Concepts_Hardcoded.Added19_Interview_AddingItemIntoCart" time="6.732" errors="0" timestamp="2024-07-15T18:02:50 EDT" skipped="1">
  <testcase classname="SeleniumExamplesPkg.Selenium_Concepts_Hardcoded.Added19_Interview_AddingItemIntoCart" name="added18_textLocator_AddingItemsIntoCartTest" time="6.732"/>
  <system-out/>
  <testcase classname="SeleniumExamplesPkg.Selenium_Concepts_Hardcoded.Added19_Interview_AddingItemIntoCart" name="Added18_primitive_AddingItemsIntoCartTest">
    <skipped/>
  </testcase> <!-- Added18_primitive_AddingItemsIntoCartTest -->
  <system-out/>
</testsuite> <!-- SeleniumExamplesPkg.Selenium_Concepts_Hardcoded.Added19_Interview_AddingItemIntoCart -->
