<?xml version="1.0" encoding="UTF-8"?>
<!-- Generated by org.testng.reporters.JUnitReportReporter -->
<testsuite hostname="Ahmad" failures="0" tests="3" name="SeleniumExamplesPkg.Selenium_Concepts_Hardcoded.Added_1_locators" time="6.593" errors="0" timestamp="2024-06-19T20:31:25 EDT" skipped="2">
  <testcase classname="SeleniumExamplesPkg.Selenium_Concepts_Hardcoded.Added_1_locators" name="getPasswordDynamically" time="6.593"/>
  <system-out/>
  <testcase classname="SeleniumExamplesPkg.Selenium_Concepts_Hardcoded.Added_1_locators" name="academyTest">
    <skipped/>
  </testcase> <!-- academyTest -->
  <system-out/>
  <testcase classname="SeleniumExamplesPkg.Selenium_Concepts_Hardcoded.Added_1_locators" name="C_SalesForceTest">
    <skipped/>
  </testcase> <!-- C_SalesForceTest -->
  <system-out/>
</testsuite> <!-- SeleniumExamplesPkg.Selenium_Concepts_Hardcoded.Added_1_locators -->
