<?xml version="1.0" encoding="UTF-8"?>
<!-- Generated by org.testng.reporters.JUnitReportReporter -->
<testsuite hostname="Ahmad" failures="0" tests="1" name="SeleniumExamplesPkg.Selenium_Concepts_Hardcoded.Added_7_AutoSuggestiveDropdown" time="10.616" errors="0" timestamp="2024-06-15T21:45:49 EDT" skipped="0">
  <testcase classname="SeleniumExamplesPkg.Selenium_Concepts_Hardcoded.Added_7_AutoSuggestiveDropdown" name="Added_7_AutoSuggestiveDropdownTRest" time="10.616"/>
  <system-out/>
</testsuite> <!-- SeleniumExamplesPkg.Selenium_Concepts_Hardcoded.Added_7_AutoSuggestiveDropdown -->
