<?xml version="1.0" encoding="UTF-8"?>
<!-- Generated by org.testng.reporters.JUnitReportReporter -->
<testsuite hostname="Ahmad" failures="0" tests="3" name="SeleniumExamplesPkg.Selenium_Concepts_Hardcoded.Added_9_checkbox" time="17.401" errors="0" timestamp="2024-06-16T19:01:45 EDT" skipped="2">
  <testcase classname="SeleniumExamplesPkg.Selenium_Concepts_Hardcoded.Added_9_checkbox" name="check" time="17.401"/>
  <system-out/>
  <testcase classname="SeleniumExamplesPkg.Selenium_Concepts_Hardcoded.Added_9_checkbox" name="Added_9_checkbox_ex2_Test">
    <skipped/>
  </testcase> <!-- Added_9_checkbox_ex2_Test -->
  <system-out/>
  <testcase classname="SeleniumExamplesPkg.Selenium_Concepts_Hardcoded.Added_9_checkbox" name="Added_9_checkbox_ex1_Test">
    <skipped/>
  </testcase> <!-- Added_9_checkbox_ex1_Test -->
  <system-out/>
</testsuite> <!-- SeleniumExamplesPkg.Selenium_Concepts_Hardcoded.Added_9_checkbox -->
