<?xml version="1.0" encoding="UTF-8"?>
<!-- Generated by org.testng.reporters.JUnitReportReporter -->
<testsuite hostname="Ahmad" failures="0" tests="1" name="SeleniumExamplesPkg.Selenium_Concepts_Hardcoded.zzzzzzzzzzzzzz" time="0.014" errors="0" timestamp="2024-06-01T17:39:19 EDT" skipped="0">
  <testcase classname="SeleniumExamplesPkg.Selenium_Concepts_Hardcoded.zzzzzzzzzzzzzz" name="A" time="0.014"/>
  <system-out/>
</testsuite> <!-- SeleniumExamplesPkg.Selenium_Concepts_Hardcoded.zzzzzzzzzzzzzz -->
