<?xml version="1.0" encoding="UTF-8"?>
<!-- Generated by org.testng.reporters.JUnitReportReporter -->
<testsuite hostname="Ahmad" failures="0" tests="2" name="SeleniumExamplesPkg.Selenium_Concepts_Hardcoded.Added18_AddingItemsIntoCart" time="6.961" errors="0" timestamp="2024-07-07T01:50:49 EDT" skipped="1">
  <testcase classname="SeleniumExamplesPkg.Selenium_Concepts_Hardcoded.Added18_AddingItemsIntoCart" name="added18_AddingItemsIntoCartTest" time="6.961"/>
  <system-out/>
  <testcase classname="SeleniumExamplesPkg.Selenium_Concepts_Hardcoded.Added18_AddingItemsIntoCart" name="Added18_primitive_AddingItemsIntoCartTest">
    <skipped/>
  </testcase> <!-- Added18_primitive_AddingItemsIntoCartTest -->
  <system-out/>
</testsuite> <!-- SeleniumExamplesPkg.Selenium_Concepts_Hardcoded.Added18_AddingItemsIntoCart -->
