<?xml version="1.0" encoding="UTF-8"?>
<!-- Generated by org.testng.reporters.JUnitReportReporter -->
<testsuite hostname="Ahmad" failures="0" tests="1" name="HardCoded_Examples.Selenium_Concepts_HighLevel.zzzzzzzzzzzzzz" time="0.016" errors="0" timestamp="2024-05-21T00:51:29 EDT" skipped="0">
  <testcase classname="HardCoded_Examples.Selenium_Concepts_HighLevel.zzzzzzzzzzzzzz" name="A" time="0.016"/>
  <system-out/>
</testsuite> <!-- HardCoded_Examples.Selenium_Concepts_HighLevel.zzzzzzzzzzzzzz -->
