<?xml version="1.0" encoding="UTF-8"?>
<!-- Generated by org.testng.reporters.JUnitReportReporter -->
<testsuite hostname="Ahmad" failures="0" tests="3" name="HardCoded_Examples.Selenium_Concepts_HighLevel.ATest" time="2.486" errors="0" timestamp="2024-05-10T19:30:15 EDT" skipped="2">
  <testcase classname="HardCoded_Examples.Selenium_Concepts_HighLevel.ATest" name="basics" time="2.486"/>
  <testcase classname="HardCoded_Examples.Selenium_Concepts_HighLevel.ATest" name="A_practical">
    <skipped/>
  </testcase> <!-- A_practical -->
  <testcase classname="HardCoded_Examples.Selenium_Concepts_HighLevel.ATest" name="A_demonstrational">
    <skipped/>
  </testcase> <!-- A_demonstrational -->
</testsuite> <!-- HardCoded_Examples.Selenium_Concepts_HighLevel.ATest -->
